gEDA/gschem version 20060906
gEDA/gschem comes with ABSOLUTELY NO WARRANTY; see COPYING for more details.
This is free software, and you are welcome to redistribute it under certain
conditions; please see the COPYING file for more details.

Read system-gafrc file [/etc/gEDA/system-gafrc]
Read ~/.gEDA/gafrc file [/home/jkumph/.gEDA/gafrc]
Did not find optional local gafrc file [/home/jkumph/Projects/pulse-sequencer/hardware/power-supply/gafrc]
Read system-gschemrc file [/etc/gEDA/system-gschemrc]
Read ~/.gEDA/gschemrc file [/home/jkumph/.gEDA/gschemrc]
Did not find optional local gschemrc file [/home/jkumph/Projects/pulse-sequencer/hardware/power-supply/gschemrc]
Read init scm file [/usr/share/gEDA/scheme/gschem.scm]
Did not find specified /home/jkumph/Projects/pulse-sequencer/hardware/power-supply/gafrc file [/home/jkumph/Projects/pulse-sequencer/hardware/power-supply/gafrc]
Opened file [/home/jkumph/Projects/pulse-sequencer/hardware/power-supply/power-suppy.sch]
Did not find specified /home/jkumph/Projects/pulse-sequencer/hardware/power-supply/gafrc file [/home/jkumph/Projects/pulse-sequencer/hardware/power-supply/gafrc]
Found an improper attribute: _documentation=_
Opened file [/home/jkumph/Projects/pulse-sequencer/hardware/power-supply/sil15c.sym]
Found an improper attribute: _documentation=_
Found an improper attribute: _documentation=_
Did not find specified /home/jkumph/Projects/pulse-sequencer/hardware/power-supply/gafrc file [/home/jkumph/Projects/pulse-sequencer/hardware/power-supply/gafrc]
Opened file [/home/jkumph/Projects/pulse-sequencer/hardware/power-supply/coax.sym]
Did not find specified /home/jkumph/Projects/pulse-sequencer/hardware/power-supply/gafrc file [/home/jkumph/Projects/pulse-sequencer/hardware/power-supply/gafrc]
Found an improper attribute: _documentation=_
Opened file [/home/jkumph/Projects/pulse-sequencer/hardware/power-supply/74abt125csc.sym]
Found an improper attribute: _documentation=_
Found an improper attribute: _documentation=_
Did not find specified /home/jkumph/Projects/pulse-sequencer/hardware/power-supply/gafrc file [/home/jkumph/Projects/pulse-sequencer/hardware/power-supply/gafrc]
Found an improper attribute: _documentation=_
Opened file [/home/jkumph/Projects/pulse-sequencer/hardware/power-supply/sil15c.sym]
Found an improper attribute: _documentation=_
Found an improper attribute: _documentation=_
Did not find specified /home/jkumph/Projects/pulse-sequencer/hardware/power-supply/gafrc file [/home/jkumph/Projects/pulse-sequencer/hardware/power-supply/gafrc]
Opened file [/home/jkumph/Projects/pulse-sequencer/hardware/power-supply/sil15c.sym~]
Did not find specified /home/jkumph/Projects/pulse-sequencer/hardware/power-supply/gafrc file [/home/jkumph/Projects/pulse-sequencer/hardware/power-supply/gafrc]
Found an improper attribute: _documentation=_
Opened file [/home/jkumph/Projects/pulse-sequencer/hardware/power-supply/sil15c.sym]
Found an improper attribute: _documentation=_
Found an improper attribute: _documentation=_
Did not find specified /home/jkumph/Projects/pulse-sequencer/hardware/power-supply/gafrc file [/home/jkumph/Projects/pulse-sequencer/hardware/power-supply/gafrc]
Found an improper attribute: _documentation=_
Opened file [/home/jkumph/Projects/pulse-sequencer/hardware/power-supply/sil15c.sym]
Translating schematic [-24000 -73700]
Saved [/home/jkumph/Projects/pulse-sequencer/hardware/power-supply/sil15c.sym]
Did not find specified /home/jkumph/Projects/pulse-sequencer/hardware/power-supply/gafrc file [/home/jkumph/Projects/pulse-sequencer/hardware/power-supply/gafrc]
Found an improper attribute: _documentation=_
Opened file [/home/jkumph/Projects/pulse-sequencer/hardware/power-supply/sil15c.sym]
Found an improper attribute: _documentation=_
Found an improper attribute: _documentation=_
Found an improper attribute: _documentation=_
Found an improper attribute: _documentation=_
Found an improper attribute: _documentation=_
Found an improper attribute: _documentation=_
Found an improper attribute: _documentation=_
Found an improper attribute: _documentation=_
Found an improper attribute: _documentation=_
Found an improper attribute: _documentation=_
Found an improper attribute: _documentation=_
Found an improper attribute: _documentation=_
Found an improper attribute: _documentation=_
Found an improper attribute: _documentation=_
Found an improper attribute: _documentation=_
Found an improper attribute: _documentation=_
Found an improper attribute: _documentation=_
Found an improper attribute: _documentation=_
Found an improper attribute: _documentation=_
Found an improper attribute: _documentation=_
Closing Window
